epoch,loss,val_loss
0,3.11044942782008,2.615291774367861
1,2.289527106566124,2.3533117863432396
2,2.090780789854421,3.870689307249591
3,2.0108667129769984,2.293219211109887
4,1.9329490795299558,2.375826714182401
5,1.883737419661005,3.4575536456143032
6,1.8015670177282592,1.850729505891973
7,1.7594104635180012,1.9208661167057277
8,1.7484747951636082,1.7691905951568296
9,1.6813530589258947,1.6600187741179646
10,1.66270288075942,2.2662083487405864
11,1.6674561266991772,1.9136033602754339
12,1.6006448941080387,2.4935550773246304
13,1.583213217093634,2.66188620753864
14,1.5485538717248934,2.0136240957724363
15,1.5317052599919683,1.5386026368926535
16,1.5485498650167429,1.7023604305051019
17,1.4860293503664375,2.1638332246860603
18,1.5071739853852568,1.5083403265677504
19,1.4699756013583742,1.5474424469657064
20,1.4876569873704086,1.5729829508926352
21,1.4651036445750443,1.4859705583879848
22,1.422346917316009,2.150619150537258
23,1.4483087100622645,1.6580413975279664
24,1.4466022799523175,1.7708443369824403
25,1.4288339635945309,2.194422827704236
26,1.4147322915397127,1.5013820254981194
27,1.3895943165205207,1.432456569901011
28,1.3862838856199433,1.459719845902278
29,1.3923131531118094,2.404681909650175
30,1.3759550804847287,1.412007827901582
31,1.385329925527843,1.3551528611051007
32,1.3391479106228912,1.3889575061922659
33,1.3305990702409431,2.0587629633521
34,1.3452163138333382,1.3316359022461939
35,1.334840419072944,1.3283577147620846
36,1.3236747437998457,1.355020900048356
37,1.308336040802008,1.3699173899773922
38,1.2840894889056815,1.4585420524060024
39,1.3194738536854769,1.2984649191505782
40,1.2869055961187799,1.821018649157767
41,1.2895240232267742,1.3064359030969661
42,1.288208916161462,1.3129779483414485
43,1.308321486967466,1.3052451888935397
44,1.263617483055793,1.2804000224988148
45,1.2524808364694533,1.6141829240774037
46,1.283411804060907,1.4189533528039013
47,1.23793028365772,1.2934519830650872
48,1.2501372164432771,1.3561408936730537
49,1.2449178090802648,1.2681934636616714
50,1.2422676293589423,1.3496952110432106
51,1.2725438447695852,1.3940337400939216
52,1.2596567949317525,1.2872758183786162
53,1.2370448703787136,1.2822895443868623
54,1.2166498210654968,1.2718573392254033
55,1.233742977240618,1.5085237160272833
56,1.231509710011417,1.5121603780356363
57,1.2047905626476247,1.2217622022789807
58,1.2132146083252868,1.231273645274614
59,1.1930807679939057,1.27127862379178
60,1.2092833389480921,1.666396590356198
61,1.1879435467488373,1.178637870047722
62,1.1968712203914325,1.2353660352445022
63,1.1989445092952262,1.270184767800708
64,1.2088061004032107,1.3544997893043595
65,1.1678026855352692,1.1874820287723609
66,1.1745651942998523,1.339966520472445
67,1.161527662491411,1.1678002843358555
68,1.160802642662611,1.2058451648691195
69,1.158443544350752,1.2592094203741468
70,1.1512810467591366,1.16473134430247
71,1.2059595402200802,1.3040569821487151
72,1.1534607720891545,1.2774849011283576
73,1.1769327037689146,1.2131037089466934
74,1.1407730297018441,1.1754246860714086
75,1.1683277845781448,1.1707183949580502
76,1.1378008677117115,1.6974905986397006
77,1.1553982835204861,1.1762360709607507
78,1.146201026339028,1.4003479336241547
79,1.1335733066929796,1.1220992191387005
80,1.1604959315728063,1.1591600600835357
81,1.1403429227085697,1.1402955716793306
82,1.1201480374513975,1.2267326849894602
83,1.1274221816633339,1.1444583487153699
84,1.143771449294429,1.1891770169172138
85,1.1220208855809282,1.1281288688104598
86,1.1201864367136722,1.2766915654900652
87,1.1286787825923468,1.179532586407912
88,1.1114564700542875,1.1183474761128007
89,1.1249856285397206,1.2175337557543535
90,1.1481290495426042,1.3371869879340093
91,1.1138176457560645,1.1950533148132718
92,1.112917871299007,1.1429525570491197
93,1.0988700619242153,1.1167631732236432
94,1.093134730959364,1.3497677632067833
95,1.0972937063716635,1.1478339289168182
96,1.100443718776311,1.4217820094625977
97,1.1122680846370303,1.4440235690768262
98,1.1081852585352618,1.1237649414789224
99,1.0875961953152817,1.173405442829533
100,1.0863868037524136,1.1124237052533763
101,1.0832305715204842,1.217365052260271
102,1.1060714877194833,1.1193014394519207
103,1.074432515070749,1.2799639864953773
104,1.1118132110498786,1.1557394605261688
105,1.0771743331167416,1.2462403332970635
106,1.109011370110717,1.1477760346728019
107,1.0841655174080982,1.0885571650579198
108,1.071806692277675,1.175558683730949
109,1.07566649033105,1.1497688124270224
110,1.100288098159965,1.2224528827117331
111,1.0789258665114156,1.237841665858712
112,1.0654259098681267,1.1004520068126107
113,1.0684354954101585,1.0976926571588372
114,1.0706570646724112,1.163706167919995
115,1.068518687249673,1.2720678054667385
116,1.0635636212169535,1.211243090906049
117,1.0681378838077173,1.3353107182339294
118,1.0709963819998851,1.1061820452590778
119,1.061770791924277,1.1157351503253705
120,1.0872083378753377,1.1979506316744017
121,1.0827199738946225,1.0995477458860283
122,1.0559030965791838,1.156125286062951
123,1.0503407877203232,1.1077405074175166
124,1.0532123812561243,1.1039729537801326
125,1.0498453517767532,1.6443351458956308
126,1.045742276985959,1.1223852783109247
127,1.0566953666918821,1.1301339757256388
128,1.0366717597583024,1.1109569118485476
129,1.0337655102040746,1.2117388348322684
130,1.0505406103361257,1.0996591325359155
131,1.0394569028426448,1.0669381662932655
132,1.0363439914146477,1.0815072798660585
133,1.0473197618177188,1.097476789206219
134,1.0325799871113848,1.0583366054036352
135,1.0345837095240265,1.169043660866451
136,1.0545002170317717,1.0704177784745046
137,1.0315102188497562,1.0501083660824506
138,1.0380299150677919,1.1385780953039368
139,1.0542156211070552,1.0654955200991003
140,1.0262833326798633,1.3199018467266341
141,1.0307168165431275,1.1413087644710704
142,1.0577234450553246,1.164237457177714
143,1.0226631464282963,1.0759821030394063
144,1.0253908855970515,1.1037622591081262
145,1.015238250591224,1.0543919133889368
146,1.0159130082668943,1.0238369400427576
147,1.0172833296837949,1.059883249835172
148,1.0264520463707265,1.053214007329318
149,1.0044292340463952,1.0343127292066139
150,1.0164785763286184,1.0314978157004264
151,1.0195966636291467,1.0409768767021157
152,1.0090221342158645,1.0227917144161078
153,1.0216364075743343,1.1296243885399695
154,1.009636541979827,1.481032504591831
155,1.0109554477541567,1.3619847970617998
156,1.0025018572275637,1.1086089430663493
157,1.0029053564909425,1.0341869400124066
158,0.9936955061240651,1.0553733906612233
159,1.0030379879432865,1.0722997758410546
160,1.0176007170592116,1.0848142929652878
161,1.002113871995565,1.2435779677298693
162,0.9938100932528541,1.0171163361442435
163,0.9975173242743816,1.3245183834987069
164,1.0099940241883234,1.2722750895340074
165,0.9954546021025209,1.0343785072899654
166,0.999597944653919,1.0367479308770318
167,0.982859231011812,1.0049478217043213
168,0.9954122095284245,1.0396192731390945
169,0.9972277072042597,1.11128655861198
170,0.9838467082254976,1.0530814686828678
171,0.9846618244529493,1.0491876035938221
172,0.9829098706452016,1.0894075493100115
173,0.9899515212151836,1.013805599625075
174,0.9811791627127564,1.0998570966128143
175,1.006845491047914,1.0219449980808086
176,0.9978066218548727,0.9929005675309781
177,0.994281415234481,0.9961485788487219
178,0.9885342268949103,1.040006550530333
179,0.9726058982215363,1.032680996780602
180,0.9864559939576775,1.0850049719456543
181,0.9705704560835068,1.1020796924459209
182,0.9948341612528752,1.0322441824229138
183,0.9868965419510741,1.0003698332251239
184,0.9915089773197545,1.0851072862141449
185,0.9748625011723602,1.0708022667899106
186,0.9699767203078827,1.0507502301022595
187,1.0176992538382423,1.3627356940031279
188,0.9732115400012188,1.006122829466726
189,0.9698803504301735,1.063072533962946
190,0.9653270767444484,0.9939738477670148
191,0.9750220183925137,1.073690601768445
192,0.985862467016677,1.0816644307685226
193,0.9707044307006016,1.0930967763109016
194,0.9663839161149177,0.9862914822138811
195,0.9687165584143426,0.9976857705608452
196,0.9744611253648019,1.1358512649873367
197,0.9690877254903981,0.9855643349227042
198,0.9623663249992572,1.0984143437796925
199,0.9709622748018109,0.9719009636959174
200,0.9576217946105415,1.0722772844204593
201,0.9810977285076912,0.9917279745067293
202,0.9675732385717254,1.031184151621524
203,0.9615606640451613,1.0697038204246891
204,0.9564637828306166,1.0508667704556998
205,0.9699194240281445,1.1752638530678035
206,0.9705377412415797,1.0489498663951198
207,0.9658656264517329,1.1890874775627989
208,0.9534763490063782,1.0209244436881997
209,0.9624657062597053,0.9953845375546531
210,0.9507239194252796,1.0933056984520444
211,0.972323737067757,1.048064649105072
212,0.9679274664786486,1.0921104662203416
213,0.9563314625129992,1.0277313290602388
214,0.9501634814739987,0.9989373647851448
215,0.9569010285007304,1.0209338808940756
216,0.9536030025533826,1.1281894587642565
217,0.9682940679604402,1.0046163790352824
218,0.9632551018486892,1.0289902691629975
219,0.940813955378859,0.9802804242353145
220,0.9587963251939964,1.0852444403943988
221,0.9390111696325164,0.9947415621047493
222,0.951185600037558,1.2797163619703456
223,0.9594906479186714,0.9929358234979727
224,0.9439004907166741,1.0307499530703523
225,0.9477699434217962,1.0144847157693433
226,0.9507596034671745,1.0972999244899877
227,0.9452586084006128,1.0073819679035128
228,0.9409913460552863,0.9840789567934324
229,0.9391065573247993,1.0977358366509613
230,0.949170823298886,0.9845080558719739
231,0.9449079760361264,0.9704321892863818
232,0.9444017522784698,1.0382024477567973
233,0.9498127888402729,0.9938523116556844
234,0.9359206683831672,1.2401872801719938
235,0.9489091283084861,0.9552611920172032
236,0.9366113660953803,0.9548066982458867
237,0.927456034657757,1.053409219927452
238,0.9379152569204199,0.9666671354742558
239,0.9392090064205535,0.9744513930694128
240,0.934455788574161,1.060447465142994
241,0.9357251232028881,0.9723842802720679
242,0.9344150963274679,1.038633530251575
243,0.9281903170084794,0.9454347988950784
244,0.9281221161833536,1.1052710675783088
245,0.9403828986323765,1.1156801653348856
246,0.9492353883830936,0.9748001538784347
247,0.9355186997382039,1.0212229393249335
248,0.9355862624670298,1.0107367064930823
249,0.9384519266508764,1.0139601527979967
250,0.9311033408897779,0.9735866092351942
251,0.9194395025469916,1.1244504455169624
252,0.955722147233929,0.9776583970371573
253,0.9343523696544407,0.9633832617184279
254,0.932162741057316,0.9935913744455843
255,0.9221871170355052,0.9562954943094256
256,0.928943090185917,1.071984281753347
257,0.9184351982243238,0.9973442678278364
258,0.9349931605722768,0.9973786084391426
259,0.9263183188385248,0.9745372102001587
260,0.940120790805282,1.0070314033846446
261,0.9313423952106155,0.9904159368052913
262,0.9224744038469437,0.9849239220737689
263,0.9146335244311691,0.9713555771137127
264,0.9269536431806412,0.9757227493570504
265,0.925834190659403,0.9799234543533301
266,0.9175097201139389,1.0071312214546653
267,0.9147948752964101,0.9660528443846288
268,0.9294257769637064,0.9478224187605166
269,0.9142157246482414,0.9531058162669157
270,0.9195199979646603,1.0060687970492292
271,0.9264134997469333,0.9999156747892731
272,0.9061124076240189,0.9511649414930194
273,0.9184396874946407,0.9916405206882638
274,0.936242057529746,0.9633891588185539
275,0.9160529922227565,0.9629656991673032
276,0.9170757133742737,1.0383686849211917
277,0.903322715208993,1.068136854948759
278,0.9084282080984374,0.9910386011417446
279,0.9254014759486783,0.9920920495889718
280,0.918608869344955,1.0309830240171858
281,0.9232315572632008,0.9761661268336335
282,0.9165861508807547,0.9390474872134909
283,0.9051372061283887,0.9448094385640186
284,0.9051221425972307,0.9489770071944753
285,0.9270868135717653,1.0094003661038125
286,0.9062911831352809,1.0217749055459568
287,0.9121551506741102,1.0595236177959424
288,0.9108263135013325,1.0195940638583494
289,0.911279579386585,1.0716700364769398
290,0.8939381130336386,1.0196978367791505
291,0.9103244488009149,0.9417986125845786
292,0.9106508320913682,0.9617422089222777
293,0.9077738762072751,1.0344762580529183
294,0.9000142628920994,0.987605499685779
295,0.899620844684387,0.9544390508725257
296,0.9002525537930769,1.1664988086951997
297,0.9081850427850563,0.9432962329268417
298,0.9061742748242725,0.9404898054966618
299,0.9028202070860242,0.9249408081596389
300,0.8997066884463895,0.9797127953225847
301,0.9058562966242228,1.043859907360964
302,0.9334928233766298,0.9618054779520001
303,0.8962046843343724,1.0174260566324973
304,0.9127993498421202,1.0821594204937588
305,0.8959137341633615,0.9586158554506135
306,0.9129178789855189,0.9723461089372711
307,0.8930836563734691,1.0181055615456402
308,0.8942888308080301,1.1016017482059706
309,0.892998458132238,0.9332109222217668
310,0.8965037538295872,0.9356252064405638
311,0.8949043397483418,0.9310065370222762
312,0.8971039712637919,1.0037717500967978
313,0.9128729212849943,0.9653177009945881
314,0.8917206136824866,0.913606506523413
315,0.8884031839262874,1.0885062484879446
316,0.8824695893897111,0.9380255912511581
317,0.8844720321918377,0.9645283596080441
318,0.8904445321459648,0.9217476206207094
319,0.8864792200762514,0.9996682406611107
320,0.8995203040385937,0.9273863500491492
321,0.8820205386579701,0.9448462484482179
322,0.8852981280733652,0.9666645533911701
323,0.897600499250282,0.9482535055466768
324,0.8878018321999321,0.9663315685017924
325,0.8941894468607209,1.0333628921647025
326,0.8948713215094685,0.912219055958256
327,0.8870665390672255,0.9264379962305614
328,0.8877908939595965,0.9408184807366647
329,0.8869130909158075,0.9116578126227107
330,0.8870745107754662,0.9680547923865536
331,0.8899805962127955,0.9140604060331929
332,0.888072172474732,0.9337528630896487
333,0.8815139872361688,0.9437304172177116
334,0.8946058329749008,0.9350794605025443
335,0.8863425011105429,1.0137994169011622
336,0.9008083860750371,0.9745137684851857
337,0.880474572445261,0.905960950056965
338,0.8743508915473565,0.9173695904010798
339,0.8819270788502944,0.9024669012471953
340,0.8728457662321725,0.9342699061726719
341,0.8844874710670585,0.9454414869387767
342,0.8856887436759969,0.9060468150954901
343,0.8729722890818943,0.9174729417220313
344,0.8720140936610881,0.9725779623277402
345,0.8699733656031495,0.9331964975369512
346,0.8809589468661901,0.9631674020447599
347,0.8672510264652024,1.0014847460428065
348,0.8784775365382557,0.9162671610822188
349,0.8746074289700605,0.905384363832653
350,0.8745718413988243,0.9389753108307145
351,0.883106782885257,0.9751087709307177
352,0.8717942916310186,0.9620050353280827
353,0.880356591497496,0.9843622790889855
354,0.8884107468043896,1.235668228742764
355,0.8795951776878209,1.1871307031597138
356,0.8749078156348815,0.969131455447272
357,0.8769178825337707,0.9005915120210797
358,0.8644262360953039,0.9342569004353842
359,0.8760821143127847,0.9593912136330655
360,0.8811156149026732,1.0183916587896429
361,0.8900494541701104,0.9366291088448774
362,0.8784069195793252,0.9044563728709554
363,0.8697753078468896,0.9613886860268402
364,0.8827363922930933,1.0826966276249335
365,0.8996110620032302,1.0031150048536341
366,0.8829962289534621,0.9920257062963636
367,0.882362861291889,0.9730688078876665
368,0.8578899111592796,0.9921209157063878
369,0.8703541301473305,0.9449455968207255
370,0.8681516452137928,0.8938116503392256
371,0.8667606781454897,0.9383350580351563
372,0.871125487118779,0.967988145013416
373,0.8775315443851949,1.0381699272993075
374,0.8648749078182173,0.9736066800692006
375,0.8710757591383363,0.9169521297228188
376,0.8730166087620727,1.0305316936214017
377,0.8717800769676027,0.9416885018804416
378,0.8685277022252837,0.9128293634486373
379,0.8647002442204371,0.9219419396428706
380,0.8605288663708734,0.8998896042493241
381,0.8687519228887542,1.0170832937331138
382,0.8716516953321276,0.9116074545021154
383,0.8652709322812717,0.9219401564595046
384,0.8538810409019235,1.0043226585300078
385,0.868080111997224,0.8973070278065947
386,0.8632316900860469,0.8977406756556615
387,0.8529539155082818,0.9800047633297773
388,0.8641424603468295,0.9647292867136746
389,0.8590809105022883,0.9979720036669801
390,0.8654976171857045,0.9568927322614341
391,0.8640263909061611,0.8907096737051663
392,0.8577633250496425,0.9544802461319115
393,0.857331104294135,0.9182458727479019
394,0.8539213029470137,0.9183482262464646
395,0.8567202424653665,0.8876948218202849
396,0.8483613333378525,0.9164284076725613
397,0.8651052689658643,0.9270291582685095
398,0.8767096556060897,1.0892485441125552
399,0.8723886004486218,0.9665730316458936
400,0.8607026981999821,0.8872562421663205
401,0.8503823714884423,0.891004768022499
402,0.8610183291182316,0.8838808301452924
403,0.8522573541535355,0.9180518511793119
404,0.8646465147346705,0.9141890661053386
405,0.8579519545530657,0.8919711879728401
406,0.8541008930424285,1.0502969448867974
407,0.8669738689779893,1.2198903298028603
408,0.8671294648334379,0.8991928634730142
409,0.8465618155837324,1.1673099377915601
410,0.8566544555713889,0.9403877084746639
411,0.8537670180139818,0.9490083100956008
412,0.8583651151995858,0.9264001464646271
413,0.8573413359659346,0.898626202722764
414,0.8518288804775365,1.0087773064095034
415,0.8616757052326021,0.9719931853922661
416,0.8534248799664764,0.8887997710351618
417,0.8492832827260441,0.877864935702676
418,0.8540990066949863,0.98577498098436
419,0.8489263852753811,0.9092834458187076
420,0.8514763373085251,0.9015062364585539
421,0.8560568236951502,1.057553389452946
422,0.8443430806562072,0.9040297801686761
423,0.8432965194127027,0.9033362730440344
424,0.8501737791096644,0.9389236463828997
425,0.8451575885422103,0.908464561510557
426,0.852020632939644,1.0120675164106052
427,0.8418766019753721,0.8902720037483417
428,0.850547835852698,0.9165411323793149
429,0.8553702554891883,0.9133803770397073
430,0.8507006271282705,0.8987059235458884
431,0.8434953484690163,0.9945573822333198
432,0.847071386980532,1.1099162224410788
433,0.8629786897309459,0.9548902019986533
434,0.8460583025746833,1.0249532527056193
435,0.8488866804359293,0.9225725933372994
436,0.850328601244036,0.911467615226607
437,0.8356504362739928,0.8831498495861769
438,0.840807237189148,0.9562260211558432
439,0.8573370755345399,0.944616523678419
440,0.8426343816011793,1.0284004259086712
441,0.859042749772523,0.907982701460014
442,0.8441475738705096,0.9257876493817646
443,0.8549822593863202,0.8916346243932468
444,0.8341844007444063,1.0831363506665006
445,0.8555542786586965,0.9132191727745491
446,0.838994757000828,0.8789331504933278
447,0.8465572115474159,0.9117371823689709
448,0.8397071209159692,0.8871435181811267
449,0.837267834229164,0.8918754900667689
450,0.8462034839948069,0.8689496391288184
451,0.8489606259791249,0.9379624336644623
452,0.8378694304314036,0.8830536436259879
453,0.8455596979198352,0.9510226226528954
454,0.841090384449462,0.9598017997254077
455,0.8552348231786981,0.8839310177119153
456,0.8390584723343322,0.8789277520670409
457,0.832492030010591,0.8873319394385674
458,0.8381681720820837,0.8717510768774019
459,0.847768468560972,0.9203099561709817
460,0.851327879133024,0.8693320235844515
461,0.8398098503377416,0.8690965850097278
462,0.8359388660837717,0.9122950562476808
463,0.8435013960903334,0.9659921648054983
464,0.8388403578999317,0.9520640309049127
465,0.838636170720249,0.9208201409411605
466,0.8486765136799261,0.8670063908596106
467,0.8467193348899925,0.9452557609543826
468,0.8423479486229541,0.904284070653876
469,0.8309523901312015,0.968099950946566
470,0.8453238681077425,0.8787931950466767
471,0.8410010694147257,0.885626505916762
472,0.8457705362866965,0.932494999820087
473,0.8299445793882377,0.8872937058027704
474,0.8433928153684999,0.9032751327299244
475,0.8290769915532898,0.8912684268425817
476,0.8429788106962843,0.8903907386312518
477,0.8387024501643009,0.9256146812028815
478,0.8324167106458433,0.9030398453030095
479,0.835229275075825,0.9628454758772313
480,0.8364835297579065,0.9067725545473636
481,0.8369056632960059,0.9072919539221915
482,0.8260507747867981,0.8768717804962224
483,0.8387392505068201,1.0217454893340652
484,0.8441555616429521,0.8668889588860047
485,0.8345311418028537,0.8982480968514533
486,0.8574545854081315,0.8821968085904834
487,0.8282596362495392,0.9314345796421934
488,0.8354036262191834,0.9044447605037963
489,0.8469984130082369,0.8791740580742888
490,0.8230870274762205,0.8634686472120464
491,0.828997681525605,0.8723286954260586
492,0.8291310962217179,0.8779561656529298
493,0.8444807404505671,0.8835823816188242
494,0.8282486402844121,0.882209654046533
495,0.829132613386839,0.9016119724969721
496,0.8371294345795709,0.9088271299567562
497,0.8256383860479611,0.8622422879499476
498,0.8348674297940393,0.8919125559907994
499,0.8463859683998681,0.8991730468749393
500,0.8359287865661671,0.9012997991038417
501,0.8201349893452522,0.926020722417324
502,0.831578225960736,0.8718883596662125
503,0.824929988718443,0.9215391491886612
504,0.8428867209884306,0.9601853081814686
505,0.8218392326919924,0.8647278818441599
506,0.8252683225407954,0.8757214885336763
507,0.832352896866885,0.8961380305431496
508,0.8333616248643789,0.9047109134715998
509,0.8324858813329121,0.9570810378224427
510,0.8235410533064526,1.0177828781769587
511,0.8473000927938326,0.8648877982578296
512,0.8258447109912376,0.9028476497366688
513,0.8313161135479386,0.9448141335833411
514,0.8279394597603129,0.8862101068045539
515,0.8277279335949671,0.8621066662109973
516,0.8236653240063495,0.8974268763032678
517,0.8345463097798062,0.9385505886205483
518,0.8263084694396617,0.8727900646377726
519,0.8283154290168291,0.8934709528100913
520,0.8288118741283678,0.8637855147700205
521,0.83514681839191,0.8729228767933986
522,0.825576453299688,0.8748899231142359
523,0.815132814480568,0.8581039548375949
524,0.8202676190506618,0.8658387048603737
525,0.8281227598033843,0.8635873569163139
526,0.8152326125367958,2.183244903420293
527,0.8683957042740423,0.9401128845975899
528,0.8264578208493442,0.8643684782356015
529,0.8160552113972944,0.8992425196107765
530,0.8341351320083523,0.9167670760993253
531,0.8266853806546404,0.875480479060863
532,0.8294177898064887,0.8780192592676448
533,0.8146812646831058,0.8581384008536106
534,0.8183502276903051,0.8603607497423384
535,0.8346007063192105,0.8844085180216361
536,0.8247534544196772,0.861203055333924
537,0.8102522686755212,0.9638909733990417
538,0.8295408705971582,0.9452549689284705
539,0.8211542561711989,0.9822900096638714
540,0.8262510218222303,0.9394241398441902
541,0.8288753305452954,0.9133575137309414
542,0.8222727730191411,0.9032832683746737
543,0.8226088245285662,0.8818864017278764
544,0.816529179120679,0.8749482135705866
545,0.8282674483126536,0.9021098867804049
546,0.8157181988365524,0.8540656393825268
547,0.8125551371541742,0.8676340721450287
548,0.8257896208333985,0.9249943418273427
549,0.8156445329357918,0.9283125523018511
550,0.8124067430645845,0.9007753684437932
551,0.816526486325621,0.8701799334557658
552,0.8180100047102244,0.8863188454815445
553,0.8267559855274427,0.922923517705681
554,0.8215753284655927,0.903827669230112
555,0.831507928434471,0.8819669411606985
556,0.8136991232054444,0.8550419963708764
557,0.8167690188784477,0.8551517044825704
558,0.8206076978232003,0.8694493229239562
559,0.8158919083232825,1.260558449830854
560,0.8405774966874446,0.9384214003285848
561,0.8192196751085198,0.9099295914419976
562,0.8166725902885493,0.9156062415391254
563,0.8205417228584344,0.8660296123663533
564,0.8139740322930451,0.8736315699624727
565,0.8085433992374167,0.8529868852982061
566,0.8157144301956951,0.8812287649784775
567,0.805511317603639,0.8661085551960068
568,0.8162380105353875,0.8618993009492523
569,0.80834957060065,0.8966758682037395
570,0.8299024402145825,0.8617133999486074
571,0.8152589275317421,0.9083523950822873
572,0.8201077397973267,0.8647691682479532
573,0.8233512691552946,0.8656890876698016
574,0.8278639235858061,0.982938989175661
575,0.8266220986083572,1.102753436880607
576,0.8257682080214174,0.8823462546004653
577,0.8268117809910879,0.8595655953363842
578,0.8087101997786853,0.9402987637425654
579,0.8071488322498465,0.855224456499245
580,0.8290399377913413,0.9227675382936787
581,0.8170811231917126,0.904740460874473
582,0.8056915014099262,0.8553264094371255
583,0.8159323038949295,0.875385262492205
584,0.8050034060604293,0.8425328420506575
585,0.8247027814236367,0.878219688098193
586,0.815682975710027,0.8554716084974896
587,0.8126979942210125,0.8969609033685462
588,0.8258952605910421,0.9366219348116034
589,0.8290946610644578,0.8690521495856461
590,0.8182603822425886,0.8854967081915158
591,0.8136837971404162,0.8418793600431177
592,0.8159502312023573,0.8985064044314686
593,0.8146363138089175,0.8652446778878622
594,0.8062752464862719,0.8850528854745024
595,0.8071323010658679,0.8537846003303333
596,0.8094558233894258,0.9338434324138444
597,0.8177052232139845,0.8568023003640164
598,0.818582964944171,0.8669915687282134
599,0.8120188195164624,0.9745669345181244
600,0.8152970682002435,1.0483103383684964
601,0.8101844029200232,0.867217701022205
602,0.8080688223940584,0.8987847842696215
603,0.819508223576924,0.8865414936476431
604,0.8114693272299887,0.8620439229325983
605,0.8061176181390203,0.8527225602884587
606,0.8149793500180987,0.9132949550959213
607,0.8256338460310966,0.8658632372511007
608,0.8186798519334736,0.8669552041793864
609,0.8059326063090352,0.8857370110673105
610,0.8039768077777274,1.0500406430154212
611,0.843829464726328,0.8975722508735815
612,0.8299026062208287,0.8947385182499163
613,0.8200772122217994,0.9098906126247162
614,0.8119407913114433,0.9727323206794911
615,0.8213807254811312,0.8717763023833706
616,0.8055805459775223,0.8710000073883176
617,0.8137762590877263,1.1381575931557883
618,0.8380628871894938,0.8876253671614217
619,0.8056173094540274,0.9101408073840608
620,0.8110244585359578,0.8415299984025667
621,0.8101973183863708,0.9535354859664129
622,0.8069886444252211,0.8768037471204626
623,0.8034829533890047,1.0246311858339119
624,0.8140830954156434,0.9196758130698798
625,0.8115315590363545,0.9189247964065749
626,0.8081887560537873,1.0945415949699946
627,0.8102274052407112,0.8461410844542487
628,0.8117047470061785,0.9367412762035796
629,0.8137651678007398,0.8583762153541635
630,0.8098715653310121,0.8570256779132356
631,0.8042391938136314,0.8611616550755752
632,0.7969321080665369,0.8736911001726486
633,0.7956220858242907,0.916885659321739
634,0.8096823979901371,0.8575246585862353
635,0.7966648183380886,0.8736739127489366
636,0.8072745708589076,0.9861778894895655
637,0.8035946041108241,0.8869258454553106
638,0.8053394123774191,0.8567996587332513
639,0.8057600590654072,0.9320009025694953
640,0.802249783104717,0.8718166886981638
641,0.8044902320575016,0.8676791003305618
642,0.8024978714598406,0.9184263121098156
643,0.8035325616569646,0.8608109550933315
644,0.8030192895598683,0.8468686787897556
645,0.7957773440276866,0.8824256312964865
646,0.8026110195038842,0.8706505720727039
647,0.8099218141257896,0.8594125787252528
648,0.8050567688323693,0.9391804305790867
649,0.8087087129950333,0.8648181921663312
650,0.810740192041309,0.9005716989928273
651,0.8069980073768874,0.8709975167914309
652,0.8043599744327663,0.8717171819812365
653,0.7948788841198341,0.9663997473098473
654,0.797663530751982,0.8425963831274477
655,0.8017020045894466,0.8728290343406133
656,0.7931706847830083,0.8645700874052142
657,0.7948114246595206,1.0127640535171414
658,0.824825257974356,1.25195134282302
659,0.8392729462712158,0.9295336429614783
660,0.8025451895821508,0.8829889039812516
661,0.804440639749307,0.9752814054641044
662,0.8037805182229717,0.9778582356317137
663,0.8135188103253844,0.8907074220205576
664,0.8043855755486357,0.851150116255117
665,0.79395061509174,0.8504568744746315
666,0.8036161853026037,0.8983701561696592
667,0.7969082102212757,0.8616237696586577
668,0.802661943783157,0.9219357453360227
669,0.804897643457214,0.8419976339252103
670,0.801156847026554,0.8588166522653136
